# JRE version: Java(TM) SE Runtime Environment (8.0_291-b10) (build 1.8.0_291-b10)
# Java VM: Java HotSpot(TM) 64-Bit Server VM (25.291-b10 mixed mode windows-amd64 compressed oops)
Heap:
 PSYoungGen      total 116736K, used 90770K [0x000000076bd00000, 0x0000000773980000, 0x00000007c0000000)
  eden space 108032K, 84% used [0x000000076bd00000,0x00000007715a4b18,0x0000000772680000)
  from space 8704K, 0% used [0x0000000773000000,0x0000000773000000,0x0000000773880000)
  to   space 9728K, 0% used [0x0000000772680000,0x0000000772680000,0x0000000773000000)
 ParOldGen       total 92672K, used 19799K [0x00000006c3600000, 0x00000006c9080000, 0x000000076bd00000)
  object space 92672K, 21% used [0x00000006c3600000,0x00000006c4955ea0,0x00000006c9080000)
 Metaspace       used 36393K, capacity 37622K, committed 37632K, reserved 1081344K
  class space    used 4600K, capacity 4857K, committed 4864K, reserved 1048576K
GC Heap History (10 events):
Event: 7.334 GC heap before
{Heap before GC invocations=10 (full 1):
 PSYoungGen      total 116736K, used 116727K [0x000000076bd00000, 0x0000000773980000, 0x00000007c0000000)
  eden space 108032K, 100% used [0x000000076bd00000,0x0000000772680000,0x0000000772680000)
  from space 8704K, 99% used [0x0000000773000000,0x000000077387dc10,0x0000000773880000)
  to   space 9728K, 0% used [0x0000000772680000,0x0000000772680000,0x0000000773000000)
 ParOldGen       total 92672K, used 7407K [0x00000006c3600000, 0x00000006c9080000, 0x000000076bd00000)
  object space 92672K, 7% used [0x00000006c3600000,0x00000006c3d3bca0,0x00000006c9080000)
 Metaspace       used 28693K, capacity 29650K, committed 29824K, reserved 1075200K
  class space    used 3722K, capacity 3947K, committed 3968K, reserved 1048576K
Event: 7.344 GC heap after
Heap after GC invocations=10 (full 1):
 PSYoungGen      total 117760K, used 9696K [0x000000076bd00000, 0x0000000773980000, 0x00000007c0000000)
  eden space 108032K, 0% used [0x000000076bd00000,0x000000076bd00000,0x0000000772680000)
  from space 9728K, 99% used [0x0000000772680000,0x0000000772ff8040,0x0000000773000000)
  to   space 8704K, 0% used [0x0000000773000000,0x0000000773000000,0x0000000773880000)
 ParOldGen       total 92672K, used 13117K [0x00000006c3600000, 0x00000006c9080000, 0x000000076bd00000)
  object space 92672K, 14% used [0x00000006c3600000,0x00000006c42cf758,0x00000006c9080000)
 Metaspace       used 28693K, capacity 29650K, committed 29824K, reserved 1075200K
  class space    used 3722K, capacity 3947K, committed 3968K, reserved 1048576K
}
Event: 7.571 GC heap before
{Heap before GC invocations=11 (full 1):
 PSYoungGen      total 117760K, used 117728K [0x000000076bd00000, 0x0000000773980000, 0x00000007c0000000)
  eden space 108032K, 100% used [0x000000076bd00000,0x0000000772680000,0x0000000772680000)
  from space 9728K, 99% used [0x0000000772680000,0x0000000772ff8040,0x0000000773000000)
  to   space 8704K, 0% used [0x0000000773000000,0x0000000773000000,0x0000000773880000)
 ParOldGen       total 92672K, used 13117K [0x00000006c3600000, 0x00000006c9080000, 0x000000076bd00000)
  object space 92672K, 14% used [0x00000006c3600000,0x00000006c42cf758,0x00000006c9080000)
 Metaspace       used 30088K, capacity 31082K, committed 31232K, reserved 1077248K
  class space    used 3837K, capacity 4053K, committed 4096K, reserved 1048576K
Event: 7.577 GC heap after
Heap after GC invocations=11 (full 1):
 PSYoungGen      total 116736K, used 8465K [0x000000076bd00000, 0x0000000773980000, 0x00000007c0000000)
  eden space 108032K, 0% used [0x000000076bd00000,0x000000076bd00000,0x0000000772680000)
  from space 8704K, 97% used [0x0000000773000000,0x00000007738445b8,0x0000000773880000)
  to   space 9728K, 0% used [0x0000000772680000,0x0000000772680000,0x0000000773000000)
 ParOldGen       total 92672K, used 18522K [0x00000006c3600000, 0x00000006c9080000, 0x000000076bd00000)
  object space 92672K, 19% used [0x00000006c3600000,0x00000006c4816a98,0x00000006c9080000)
 Metaspace       used 30088K, capacity 31082K, committed 31232K, reserved 1077248K
  class space    used 3837K, capacity 4053K, committed 4096K, reserved 1048576K
}
Event: 7.998 GC heap before
{Heap before GC invocations=12 (full 1):
 PSYoungGen      total 116736K, used 116497K [0x000000076bd00000, 0x0000000773980000, 0x00000007c0000000)
  eden space 108032K, 100% used [0x000000076bd00000,0x0000000772680000,0x0000000772680000)
  from space 8704K, 97% used [0x0000000773000000,0x00000007738445b8,0x0000000773880000)
  to   space 9728K, 0% used [0x0000000772680000,0x0000000772680000,0x0000000773000000)
 ParOldGen       total 92672K, used 18522K [0x00000006c3600000, 0x00000006c9080000, 0x000000076bd00000)
  object space 92672K, 19% used [0x00000006c3600000,0x00000006c4816a98,0x00000006c9080000)
 Metaspace       used 33985K, capacity 35046K, committed 35328K, reserved 1079296K
  class space    used 4271K, capacity 4525K, committed 4608K, reserved 1048576K
Event: 8.003 GC heap after
Heap after GC invocations=12 (full 1):
 PSYoungGen      total 117760K, used 5767K [0x000000076bd00000, 0x0000000773980000, 0x00000007c0000000)
  eden space 108032K, 0% used [0x000000076bd00000,0x000000076bd00000,0x0000000772680000)
  from space 9728K, 59% used [0x0000000772680000,0x0000000772c21d10,0x0000000773000000)
  to   space 8704K, 0% used [0x0000000773000000,0x0000000773000000,0x0000000773880000)
 ParOldGen       total 92672K, used 24072K [0x00000006c3600000, 0x00000006c9080000, 0x000000076bd00000)
  object space 92672K, 25% used [0x00000006c3600000,0x00000006c4d820d8,0x00000006c9080000)
 Metaspace       used 33985K, capacity 35046K, committed 35328K, reserved 1079296K
  class space    used 4271K, capacity 4525K, committed 4608K, reserved 1048576K
}
Event: 8.061 GC heap before
{Heap before GC invocations=13 (full 1):
 PSYoungGen      total 117760K, used 18146K [0x000000076bd00000, 0x0000000773980000, 0x00000007c0000000)
  eden space 108032K, 11% used [0x000000076bd00000,0x000000076c916e00,0x0000000772680000)
  from space 9728K, 59% used [0x0000000772680000,0x0000000772c21d10,0x0000000773000000)
  to   space 8704K, 0% used [0x0000000773000000,0x0000000773000000,0x0000000773880000)
 ParOldGen       total 92672K, used 24072K [0x00000006c3600000, 0x00000006c9080000, 0x000000076bd00000)
  object space 92672K, 25% used [0x00000006c3600000,0x00000006c4d820d8,0x00000006c9080000)
 Metaspace       used 34346K, capacity 35364K, committed 35496K, reserved 1081344K
  class space    used 4307K, capacity 4562K, committed 4608K, reserved 1048576K
Event: 8.063 GC heap after
Heap after GC invocations=13 (full 1):
 PSYoungGen      total 116736K, used 684K [0x000000076bd00000, 0x0000000773980000, 0x00000007c0000000)
  eden space 108032K, 0% used [0x000000076bd00000,0x000000076bd00000,0x0000000772680000)
  from space 8704K, 7% used [0x0000000773000000,0x00000007730ab028,0x0000000773880000)
  to   space 9728K, 0% used [0x0000000772680000,0x0000000772680000,0x0000000773000000)
 ParOldGen       total 92672K, used 26428K [0x00000006c3600000, 0x00000006c9080000, 0x000000076bd00000)
  object space 92672K, 28% used [0x00000006c3600000,0x00000006c4fcf108,0x00000006c9080000)
 Metaspace       used 34346K, capacity 35364K, committed 35496K, reserved 1081344K
  class space    used 4307K, capacity 4562K, committed 4608K, reserved 1048576K
}
Event: 8.063 GC heap before
{Heap before GC invocations=14 (full 2):
 PSYoungGen      total 116736K, used 684K [0x000000076bd00000, 0x0000000773980000, 0x00000007c0000000)
  eden space 108032K, 0% used [0x000000076bd00000,0x000000076bd00000,0x0000000772680000)
  from space 8704K, 7% used [0x0000000773000000,0x00000007730ab028,0x0000000773880000)
  to   space 9728K, 0% used [0x0000000772680000,0x0000000772680000,0x0000000773000000)
 ParOldGen       total 92672K, used 26428K [0x00000006c3600000, 0x00000006c9080000, 0x000000076bd00000)
  object space 92672K, 28% used [0x00000006c3600000,0x00000006c4fcf108,0x00000006c9080000)
 Metaspace       used 34346K, capacity 35364K, committed 35496K, reserved 1081344K
  class space    used 4307K, capacity 4562K, committed 4608K, reserved 1048576K
Event: 8.106 GC heap after
Heap after GC invocations=14 (full 2):
 PSYoungGen      total 116736K, used 0K [0x000000076bd00000, 0x0000000773980000, 0x00000007c0000000)
  eden space 108032K, 0% used [0x000000076bd00000,0x000000076bd00000,0x0000000772680000)
  from space 8704K, 0% used [0x0000000773000000,0x0000000773000000,0x0000000773880000)
  to   space 9728K, 0% used [0x0000000772680000,0x0000000772680000,0x0000000773000000)
 ParOldGen       total 92672K, used 19799K [0x00000006c3600000, 0x00000006c9080000, 0x000000076bd00000)
  object space 92672K, 21% used [0x00000006c3600000,0x00000006c4955ea0,0x00000006c9080000)
 Metaspace       used 34346K, capacity 35364K, committed 35496K, reserved 1081344K
  class space    used 4307K, capacity 4562K, committed 4608K, reserved 1048576K
}

